{"D:\\valeo\\student-grades\\index.js": {"path":"D:\\valeo\\student-grades\\index.js","statementMap":{"0":{"start":{"line":1,"column":16},"end":{"line":1,"column":34}},"1":{"start":{"line":2,"column":15},"end":{"line":2,"column":43}},"2":{"start":{"line":3,"column":17},"end":{"line":3,"column":36}},"3":{"start":{"line":4,"column":15},"end":{"line":4,"column":32}},"4":{"start":{"line":5,"column":12},"end":{"line":5,"column":21}},"5":{"start":{"line":8,"column":0},"end":{"line":8,"column":29}},"6":{"start":{"line":9,"column":0},"end":{"line":9,"column":25}},"7":{"start":{"line":10,"column":0},"end":{"line":10,"column":33}},"8":{"start":{"line":11,"column":0},"end":{"line":11,"column":33}},"9":{"start":{"line":14,"column":0},"end":{"line":14,"column":28}},"10":{"start":{"line":16,"column":13},"end":{"line":16,"column":54}},"11":{"start":{"line":17,"column":15},"end":{"line":19,"column":1}},"12":{"start":{"line":18,"column":2},"end":{"line":18,"column":45}},"13":{"start":{"line":21,"column":0},"end":{"line":31,"column":3}},"14":{"start":{"line":22,"column":2},"end":{"line":22,"column":42}},"15":{"start":{"line":23,"column":2},"end":{"line":23,"column":37}},"16":{"start":{"line":24,"column":2},"end":{"line":30,"column":4}},"17":{"start":{"line":25,"column":4},"end":{"line":25,"column":38}},"18":{"start":{"line":26,"column":4},"end":{"line":29,"column":7}},"19":{"start":{"line":27,"column":6},"end":{"line":27,"column":47}},"20":{"start":{"line":28,"column":6},"end":{"line":28,"column":22}},"21":{"start":{"line":34,"column":0},"end":{"line":34,"column":24}}},"fnMap":{"0":{"name":"(anonymous_0)","decl":{"start":{"line":17,"column":32},"end":{"line":17,"column":33}},"loc":{"start":{"line":18,"column":2},"end":{"line":18,"column":45}},"line":18},"1":{"name":"(anonymous_1)","decl":{"start":{"line":21,"column":22},"end":{"line":21,"column":23}},"loc":{"start":{"line":21,"column":28},"end":{"line":31,"column":1}},"line":21},"2":{"name":"(anonymous_2)","decl":{"start":{"line":24,"column":15},"end":{"line":24,"column":16}},"loc":{"start":{"line":24,"column":21},"end":{"line":30,"column":3}},"line":24},"3":{"name":"(anonymous_3)","decl":{"start":{"line":26,"column":37},"end":{"line":26,"column":38}},"loc":{"start":{"line":26,"column":43},"end":{"line":29,"column":5}},"line":26}},"branchMap":{"0":{"loc":{"start":{"line":16,"column":13},"end":{"line":16,"column":54}},"type":"binary-expr","locations":[{"start":{"line":16,"column":13},"end":{"line":16,"column":29}},{"start":{"line":16,"column":33},"end":{"line":16,"column":54}}],"line":16}},"s":{"0":5,"1":5,"2":5,"3":5,"4":5,"5":5,"6":5,"7":5,"8":5,"9":5,"10":5,"11":5,"12":5,"13":5,"14":0,"15":0,"16":0,"17":0,"18":0,"19":0,"20":0,"21":5},"f":{"0":5,"1":0,"2":0,"3":0},"b":{"0":[5,5]},"_coverageSchema":"1a1c01bbd47fc00a2c39e90264f33305004495a9","hash":"e7df5fb8c267a39038b382314642d6639f577c3d"}
,"D:\\valeo\\student-grades\\controllers\\AuthController.js": {"path":"D:\\valeo\\student-grades\\controllers\\AuthController.js","statementMap":{"0":{"start":{"line":1,"column":17},"end":{"line":1,"column":45}},"1":{"start":{"line":2,"column":20},"end":{"line":2,"column":48}},"2":{"start":{"line":3,"column":20},"end":{"line":3,"column":54}},"3":{"start":{"line":4,"column":21},"end":{"line":4,"column":56}},"4":{"start":{"line":8,"column":0},"end":{"line":17,"column":1}},"5":{"start":{"line":9,"column":18},"end":{"line":9,"column":72}},"6":{"start":{"line":10,"column":4},"end":{"line":10,"column":81}},"7":{"start":{"line":10,"column":18},"end":{"line":10,"column":81}},"8":{"start":{"line":12,"column":26},"end":{"line":12,"column":97}},"9":{"start":{"line":13,"column":4},"end":{"line":13,"column":87}},"10":{"start":{"line":13,"column":24},"end":{"line":13,"column":87}},"11":{"start":{"line":15,"column":18},"end":{"line":15,"column":115}},"12":{"start":{"line":16,"column":4},"end":{"line":16,"column":45}}},"fnMap":{"0":{"name":"(anonymous_0)","decl":{"start":{"line":8,"column":16},"end":{"line":8,"column":17}},"loc":{"start":{"line":8,"column":42},"end":{"line":17,"column":1}},"line":8}},"branchMap":{"0":{"loc":{"start":{"line":10,"column":4},"end":{"line":10,"column":81}},"type":"if","locations":[{"start":{"line":10,"column":4},"end":{"line":10,"column":81}},{"start":{"line":10,"column":4},"end":{"line":10,"column":81}}],"line":10},"1":{"loc":{"start":{"line":13,"column":4},"end":{"line":13,"column":87}},"type":"if","locations":[{"start":{"line":13,"column":4},"end":{"line":13,"column":87}},{"start":{"line":13,"column":4},"end":{"line":13,"column":87}}],"line":13}},"s":{"0":5,"1":5,"2":5,"3":5,"4":5,"5":4,"6":4,"7":1,"8":3,"9":3,"10":2,"11":1,"12":1},"f":{"0":4},"b":{"0":[1,3],"1":[2,1]},"_coverageSchema":"1a1c01bbd47fc00a2c39e90264f33305004495a9","hash":"7fc4d9962320c465d91947a3db427cb8228363a6"}
,"D:\\valeo\\student-grades\\controllers\\CoursesController.js": {"path":"D:\\valeo\\student-grades\\controllers\\CoursesController.js","statementMap":{"0":{"start":{"line":1,"column":19},"end":{"line":1,"column":40}},"1":{"start":{"line":2,"column":10},"end":{"line":2,"column":27}},"2":{"start":{"line":3,"column":18},"end":{"line":3,"column":51}},"3":{"start":{"line":4,"column":25},"end":{"line":4,"column":58}},"4":{"start":{"line":5,"column":17},"end":{"line":5,"column":45}},"5":{"start":{"line":6,"column":32},"end":{"line":6,"column":76}},"6":{"start":{"line":7,"column":26},"end":{"line":7,"column":62}},"7":{"start":{"line":10,"column":0},"end":{"line":22,"column":1}},"8":{"start":{"line":11,"column":17},"end":{"line":11,"column":36}},"9":{"start":{"line":12,"column":17},"end":{"line":12,"column":19}},"10":{"start":{"line":13,"column":17},"end":{"line":13,"column":34}},"11":{"start":{"line":15,"column":23},"end":{"line":15,"column":60}},"12":{"start":{"line":16,"column":19},"end":{"line":16,"column":100}},"13":{"start":{"line":18,"column":4},"end":{"line":21,"column":7}},"14":{"start":{"line":26,"column":13},"end":{"line":35,"column":2}},"15":{"start":{"line":33,"column":8},"end":{"line":33,"column":106}},"16":{"start":{"line":38,"column":0},"end":{"line":67,"column":1}},"17":{"start":{"line":39,"column":4},"end":{"line":66,"column":7}},"18":{"start":{"line":40,"column":8},"end":{"line":43,"column":9}},"19":{"start":{"line":41,"column":12},"end":{"line":41,"column":41}},"20":{"start":{"line":42,"column":12},"end":{"line":42,"column":19}},"21":{"start":{"line":47,"column":19},"end":{"line":47,"column":37}},"22":{"start":{"line":48,"column":8},"end":{"line":48,"column":96}},"23":{"start":{"line":48,"column":19},"end":{"line":48,"column":96}},"24":{"start":{"line":50,"column":33},"end":{"line":50,"column":60}},"25":{"start":{"line":51,"column":8},"end":{"line":51,"column":67}},"26":{"start":{"line":51,"column":19},"end":{"line":51,"column":67}},"27":{"start":{"line":53,"column":20},"end":{"line":53,"column":25}},"28":{"start":{"line":54,"column":20},"end":{"line":59,"column":10}},"29":{"start":{"line":62,"column":8},"end":{"line":65,"column":11}}},"fnMap":{"0":{"name":"(anonymous_0)","decl":{"start":{"line":10,"column":26},"end":{"line":10,"column":27}},"loc":{"start":{"line":10,"column":52},"end":{"line":22,"column":1}},"line":10},"1":{"name":"(anonymous_1)","decl":{"start":{"line":31,"column":12},"end":{"line":31,"column":13}},"loc":{"start":{"line":31,"column":60},"end":{"line":34,"column":5}},"line":31},"2":{"name":"(anonymous_2)","decl":{"start":{"line":38,"column":23},"end":{"line":38,"column":24}},"loc":{"start":{"line":38,"column":49},"end":{"line":67,"column":1}},"line":38},"3":{"name":"(anonymous_3)","decl":{"start":{"line":39,"column":20},"end":{"line":39,"column":21}},"loc":{"start":{"line":39,"column":50},"end":{"line":66,"column":5}},"line":39}},"branchMap":{"0":{"loc":{"start":{"line":11,"column":17},"end":{"line":11,"column":36}},"type":"binary-expr","locations":[{"start":{"line":11,"column":17},"end":{"line":11,"column":31}},{"start":{"line":11,"column":35},"end":{"line":11,"column":36}}],"line":11},"1":{"loc":{"start":{"line":33,"column":15},"end":{"line":33,"column":105}},"type":"binary-expr","locations":[{"start":{"line":33,"column":15},"end":{"line":33,"column":23}},{"start":{"line":33,"column":27},"end":{"line":33,"column":56}},{"start":{"line":33,"column":60},"end":{"line":33,"column":105}}],"line":33},"2":{"loc":{"start":{"line":40,"column":8},"end":{"line":43,"column":9}},"type":"if","locations":[{"start":{"line":40,"column":8},"end":{"line":43,"column":9}},{"start":{"line":40,"column":8},"end":{"line":43,"column":9}}],"line":40},"3":{"loc":{"start":{"line":48,"column":8},"end":{"line":48,"column":96}},"type":"if","locations":[{"start":{"line":48,"column":8},"end":{"line":48,"column":96}},{"start":{"line":48,"column":8},"end":{"line":48,"column":96}}],"line":48},"4":{"loc":{"start":{"line":51,"column":8},"end":{"line":51,"column":67}},"type":"if","locations":[{"start":{"line":51,"column":8},"end":{"line":51,"column":67}},{"start":{"line":51,"column":8},"end":{"line":51,"column":67}}],"line":51}},"s":{"0":5,"1":5,"2":5,"3":5,"4":5,"5":5,"6":5,"7":5,"8":2,"9":2,"10":2,"11":2,"12":2,"13":2,"14":5,"15":0,"16":5,"17":3,"18":3,"19":0,"20":0,"21":3,"22":3,"23":1,"24":2,"25":2,"26":1,"27":1,"28":1,"29":1},"f":{"0":2,"1":0,"2":3,"3":3},"b":{"0":[2,2],"1":[0,0,0],"2":[0,3],"3":[1,2],"4":[1,1]},"_coverageSchema":"1a1c01bbd47fc00a2c39e90264f33305004495a9","hash":"278eea2f2277dc3179cd2b32a7b595d789a68d21"}
,"D:\\valeo\\student-grades\\controllers\\StatusController.js": {"path":"D:\\valeo\\student-grades\\controllers\\StatusController.js","statementMap":{"0":{"start":{"line":1,"column":16},"end":{"line":1,"column":49}},"1":{"start":{"line":2,"column":17},"end":{"line":2,"column":45}},"2":{"start":{"line":6,"column":0},"end":{"line":30,"column":1}},"3":{"start":{"line":7,"column":16},"end":{"line":7,"column":52}},"4":{"start":{"line":8,"column":4},"end":{"line":8,"column":62}},"5":{"start":{"line":8,"column":14},"end":{"line":8,"column":62}},"6":{"start":{"line":10,"column":16},"end":{"line":10,"column":36}},"7":{"start":{"line":12,"column":17},"end":{"line":16,"column":5}},"8":{"start":{"line":18,"column":4},"end":{"line":19,"column":40}},"9":{"start":{"line":19,"column":8},"end":{"line":19,"column":40}},"10":{"start":{"line":21,"column":4},"end":{"line":22,"column":43}},"11":{"start":{"line":22,"column":8},"end":{"line":22,"column":43}},"12":{"start":{"line":24,"column":21},"end":{"line":24,"column":24}},"13":{"start":{"line":25,"column":4},"end":{"line":26,"column":25}},"14":{"start":{"line":26,"column":8},"end":{"line":26,"column":25}},"15":{"start":{"line":29,"column":4},"end":{"line":29,"column":40}}},"fnMap":{"0":{"name":"(anonymous_0)","decl":{"start":{"line":6,"column":29},"end":{"line":6,"column":30}},"loc":{"start":{"line":6,"column":55},"end":{"line":30,"column":1}},"line":6}},"branchMap":{"0":{"loc":{"start":{"line":8,"column":4},"end":{"line":8,"column":62}},"type":"if","locations":[{"start":{"line":8,"column":4},"end":{"line":8,"column":62}},{"start":{"line":8,"column":4},"end":{"line":8,"column":62}}],"line":8},"1":{"loc":{"start":{"line":18,"column":4},"end":{"line":19,"column":40}},"type":"if","locations":[{"start":{"line":18,"column":4},"end":{"line":19,"column":40}},{"start":{"line":18,"column":4},"end":{"line":19,"column":40}}],"line":18},"2":{"loc":{"start":{"line":21,"column":4},"end":{"line":22,"column":43}},"type":"if","locations":[{"start":{"line":21,"column":4},"end":{"line":22,"column":43}},{"start":{"line":21,"column":4},"end":{"line":22,"column":43}}],"line":21},"3":{"loc":{"start":{"line":25,"column":4},"end":{"line":26,"column":25}},"type":"if","locations":[{"start":{"line":25,"column":4},"end":{"line":26,"column":25}},{"start":{"line":25,"column":4},"end":{"line":26,"column":25}}],"line":25}},"s":{"0":5,"1":5,"2":5,"3":3,"4":3,"5":1,"6":2,"7":2,"8":2,"9":1,"10":2,"11":0,"12":2,"13":2,"14":2,"15":2},"f":{"0":3},"b":{"0":[1,2],"1":[1,1],"2":[0,2],"3":[2,0]},"_coverageSchema":"1a1c01bbd47fc00a2c39e90264f33305004495a9","hash":"d13a4c4169bc03fd69f490fe9f39dcbe31b931a5"}
,"D:\\valeo\\student-grades\\controllers\\StudentController.js": {"path":"D:\\valeo\\student-grades\\controllers\\StudentController.js","statementMap":{"0":{"start":{"line":1,"column":23},"end":{"line":1,"column":56}},"1":{"start":{"line":2,"column":17},"end":{"line":2,"column":45}},"2":{"start":{"line":4,"column":0},"end":{"line":18,"column":1}},"3":{"start":{"line":5,"column":18},"end":{"line":8,"column":6}},"4":{"start":{"line":10,"column":4},"end":{"line":10,"column":78}},"5":{"start":{"line":10,"column":16},"end":{"line":10,"column":78}},"6":{"start":{"line":12,"column":4},"end":{"line":17,"column":7}}},"fnMap":{"0":{"name":"(anonymous_0)","decl":{"start":{"line":4,"column":27},"end":{"line":4,"column":28}},"loc":{"start":{"line":4,"column":53},"end":{"line":18,"column":1}},"line":4}},"branchMap":{"0":{"loc":{"start":{"line":10,"column":4},"end":{"line":10,"column":78}},"type":"if","locations":[{"start":{"line":10,"column":4},"end":{"line":10,"column":78}},{"start":{"line":10,"column":4},"end":{"line":10,"column":78}}],"line":10}},"s":{"0":5,"1":5,"2":5,"3":2,"4":2,"5":1,"6":1},"f":{"0":2},"b":{"0":[1,1]},"_coverageSchema":"1a1c01bbd47fc00a2c39e90264f33305004495a9","hash":"03166b5d420cfcb9573fd5d1ebdd89b8f068ae27"}
,"D:\\valeo\\student-grades\\controllers\\TeacherController.js": {"path":"D:\\valeo\\student-grades\\controllers\\TeacherController.js","statementMap":{"0":{"start":{"line":1,"column":10},"end":{"line":1,"column":27}},"1":{"start":{"line":2,"column":30},"end":{"line":2,"column":58}},"2":{"start":{"line":3,"column":21},"end":{"line":3,"column":55}},"3":{"start":{"line":4,"column":17},"end":{"line":4,"column":45}},"4":{"start":{"line":6,"column":0},"end":{"line":20,"column":1}},"5":{"start":{"line":7,"column":22},"end":{"line":7,"column":40}},"6":{"start":{"line":8,"column":4},"end":{"line":8,"column":62}},"7":{"start":{"line":8,"column":15},"end":{"line":8,"column":62}},"8":{"start":{"line":10,"column":18},"end":{"line":10,"column":71}},"9":{"start":{"line":11,"column":4},"end":{"line":11,"column":78}},"10":{"start":{"line":11,"column":17},"end":{"line":11,"column":78}},"11":{"start":{"line":13,"column":4},"end":{"line":13,"column":78}},"12":{"start":{"line":16,"column":4},"end":{"line":16,"column":80}},"13":{"start":{"line":17,"column":4},"end":{"line":17,"column":25}},"14":{"start":{"line":19,"column":4},"end":{"line":19,"column":59}}},"fnMap":{"0":{"name":"(anonymous_0)","decl":{"start":{"line":6,"column":26},"end":{"line":6,"column":27}},"loc":{"start":{"line":6,"column":52},"end":{"line":20,"column":1}},"line":6}},"branchMap":{"0":{"loc":{"start":{"line":8,"column":4},"end":{"line":8,"column":62}},"type":"if","locations":[{"start":{"line":8,"column":4},"end":{"line":8,"column":62}},{"start":{"line":8,"column":4},"end":{"line":8,"column":62}}],"line":8},"1":{"loc":{"start":{"line":11,"column":4},"end":{"line":11,"column":78}},"type":"if","locations":[{"start":{"line":11,"column":4},"end":{"line":11,"column":78}},{"start":{"line":11,"column":4},"end":{"line":11,"column":78}}],"line":11}},"s":{"0":5,"1":5,"2":5,"3":5,"4":5,"5":9,"6":9,"7":5,"8":4,"9":4,"10":1,"11":3,"12":3,"13":3,"14":3},"f":{"0":9},"b":{"0":[5,4],"1":[1,3]},"_coverageSchema":"1a1c01bbd47fc00a2c39e90264f33305004495a9","hash":"f8af96e91520d597279b19eeb87d696188315a11"}
,"D:\\valeo\\student-grades\\middleware\\auth.js": {"path":"D:\\valeo\\student-grades\\middleware\\auth.js","statementMap":{"0":{"start":{"line":1,"column":21},"end":{"line":1,"column":56}},"1":{"start":{"line":2,"column":17},"end":{"line":2,"column":45}},"2":{"start":{"line":5,"column":0},"end":{"line":14,"column":1}},"3":{"start":{"line":6,"column":18},"end":{"line":6,"column":44}},"4":{"start":{"line":7,"column":4},"end":{"line":7,"column":83}},"5":{"start":{"line":7,"column":16},"end":{"line":7,"column":83}},"6":{"start":{"line":9,"column":27},"end":{"line":9,"column":58}},"7":{"start":{"line":10,"column":4},"end":{"line":10,"column":73}},"8":{"start":{"line":10,"column":25},"end":{"line":10,"column":73}},"9":{"start":{"line":12,"column":4},"end":{"line":12,"column":30}},"10":{"start":{"line":13,"column":4},"end":{"line":13,"column":11}}},"fnMap":{"0":{"name":"(anonymous_0)","decl":{"start":{"line":5,"column":17},"end":{"line":5,"column":18}},"loc":{"start":{"line":5,"column":43},"end":{"line":14,"column":1}},"line":5}},"branchMap":{"0":{"loc":{"start":{"line":7,"column":4},"end":{"line":7,"column":83}},"type":"if","locations":[{"start":{"line":7,"column":4},"end":{"line":7,"column":83}},{"start":{"line":7,"column":4},"end":{"line":7,"column":83}}],"line":7},"1":{"loc":{"start":{"line":10,"column":4},"end":{"line":10,"column":73}},"type":"if","locations":[{"start":{"line":10,"column":4},"end":{"line":10,"column":73}},{"start":{"line":10,"column":4},"end":{"line":10,"column":73}}],"line":10}},"s":{"0":6,"1":6,"2":6,"3":15,"4":15,"5":3,"6":12,"7":12,"8":2,"9":10,"10":10},"f":{"0":15},"b":{"0":[3,12],"1":[2,10]},"_coverageSchema":"1a1c01bbd47fc00a2c39e90264f33305004495a9","hash":"1e2da1e3480b05266ad3183c3769435d188aaf7a"}
,"D:\\valeo\\student-grades\\middleware\\errorHandler.js": {"path":"D:\\valeo\\student-grades\\middleware\\errorHandler.js","statementMap":{"0":{"start":{"line":1,"column":15},"end":{"line":1,"column":44}},"1":{"start":{"line":4,"column":0},"end":{"line":13,"column":1}},"2":{"start":{"line":5,"column":4},"end":{"line":5,"column":30}},"3":{"start":{"line":7,"column":21},"end":{"line":7,"column":42}},"4":{"start":{"line":8,"column":18},"end":{"line":8,"column":56}},"5":{"start":{"line":10,"column":4},"end":{"line":12,"column":9}}},"fnMap":{"0":{"name":"(anonymous_0)","decl":{"start":{"line":4,"column":17},"end":{"line":4,"column":18}},"loc":{"start":{"line":4,"column":48},"end":{"line":13,"column":1}},"line":4}},"branchMap":{"0":{"loc":{"start":{"line":7,"column":21},"end":{"line":7,"column":42}},"type":"binary-expr","locations":[{"start":{"line":7,"column":21},"end":{"line":7,"column":35}},{"start":{"line":7,"column":39},"end":{"line":7,"column":42}}],"line":7},"1":{"loc":{"start":{"line":8,"column":18},"end":{"line":8,"column":56}},"type":"binary-expr","locations":[{"start":{"line":8,"column":18},"end":{"line":8,"column":29}},{"start":{"line":8,"column":33},"end":{"line":8,"column":56}}],"line":8}},"s":{"0":5,"1":5,"2":22,"3":22,"4":22,"5":22},"f":{"0":22},"b":{"0":[22,0],"1":[22,0]},"_coverageSchema":"1a1c01bbd47fc00a2c39e90264f33305004495a9","hash":"e0083c175ff87625a4d7b49a9567b739d9d53bff"}
,"D:\\valeo\\student-grades\\middleware\\validation.js": {"path":"D:\\valeo\\student-grades\\middleware\\validation.js","statementMap":{"0":{"start":{"line":1,"column":12},"end":{"line":1,"column":26}},"1":{"start":{"line":3,"column":17},"end":{"line":3,"column":45}},"2":{"start":{"line":4,"column":66},"end":{"line":4,"column":102}},"3":{"start":{"line":7,"column":0},"end":{"line":12,"column":1}},"4":{"start":{"line":8,"column":22},"end":{"line":8,"column":61}},"5":{"start":{"line":9,"column":4},"end":{"line":9,"column":61}},"6":{"start":{"line":9,"column":15},"end":{"line":9,"column":61}},"7":{"start":{"line":11,"column":4},"end":{"line":11,"column":11}},"8":{"start":{"line":15,"column":0},"end":{"line":20,"column":1}},"9":{"start":{"line":16,"column":22},"end":{"line":16,"column":59}},"10":{"start":{"line":17,"column":4},"end":{"line":17,"column":61}},"11":{"start":{"line":17,"column":15},"end":{"line":17,"column":61}},"12":{"start":{"line":19,"column":4},"end":{"line":19,"column":11}},"13":{"start":{"line":22,"column":0},"end":{"line":28,"column":1}},"14":{"start":{"line":23,"column":22},"end":{"line":23,"column":56}},"15":{"start":{"line":24,"column":4},"end":{"line":24,"column":61}},"16":{"start":{"line":24,"column":15},"end":{"line":24,"column":61}},"17":{"start":{"line":27,"column":4},"end":{"line":27,"column":11}},"18":{"start":{"line":30,"column":0},"end":{"line":39,"column":1}},"19":{"start":{"line":31,"column":19},"end":{"line":34,"column":6}},"20":{"start":{"line":36,"column":22},"end":{"line":36,"column":47}},"21":{"start":{"line":37,"column":4},"end":{"line":37,"column":61}},"22":{"start":{"line":37,"column":15},"end":{"line":37,"column":61}},"23":{"start":{"line":38,"column":4},"end":{"line":38,"column":11}}},"fnMap":{"0":{"name":"(anonymous_0)","decl":{"start":{"line":7,"column":29},"end":{"line":7,"column":30}},"loc":{"start":{"line":7,"column":49},"end":{"line":12,"column":1}},"line":7},"1":{"name":"(anonymous_1)","decl":{"start":{"line":15,"column":28},"end":{"line":15,"column":29}},"loc":{"start":{"line":15,"column":48},"end":{"line":20,"column":1}},"line":15},"2":{"name":"(anonymous_2)","decl":{"start":{"line":22,"column":30},"end":{"line":22,"column":31}},"loc":{"start":{"line":22,"column":50},"end":{"line":28,"column":1}},"line":22},"3":{"name":"(anonymous_3)","decl":{"start":{"line":30,"column":25},"end":{"line":30,"column":26}},"loc":{"start":{"line":30,"column":45},"end":{"line":39,"column":1}},"line":30}},"branchMap":{"0":{"loc":{"start":{"line":9,"column":4},"end":{"line":9,"column":61}},"type":"if","locations":[{"start":{"line":9,"column":4},"end":{"line":9,"column":61}},{"start":{"line":9,"column":4},"end":{"line":9,"column":61}}],"line":9},"1":{"loc":{"start":{"line":17,"column":4},"end":{"line":17,"column":61}},"type":"if","locations":[{"start":{"line":17,"column":4},"end":{"line":17,"column":61}},{"start":{"line":17,"column":4},"end":{"line":17,"column":61}}],"line":17},"2":{"loc":{"start":{"line":24,"column":4},"end":{"line":24,"column":61}},"type":"if","locations":[{"start":{"line":24,"column":4},"end":{"line":24,"column":61}},{"start":{"line":24,"column":4},"end":{"line":24,"column":61}}],"line":24},"3":{"loc":{"start":{"line":37,"column":4},"end":{"line":37,"column":61}},"type":"if","locations":[{"start":{"line":37,"column":4},"end":{"line":37,"column":61}},{"start":{"line":37,"column":4},"end":{"line":37,"column":61}}],"line":37}},"s":{"0":5,"1":5,"2":5,"3":5,"4":4,"5":4,"6":1,"7":3,"8":5,"9":9,"10":9,"11":2,"12":7,"13":5,"14":2,"15":2,"16":0,"17":2,"18":5,"19":6,"20":6,"21":6,"22":2,"23":4},"f":{"0":4,"1":9,"2":2,"3":6},"b":{"0":[1,3],"1":[2,7],"2":[0,2],"3":[2,4]},"_coverageSchema":"1a1c01bbd47fc00a2c39e90264f33305004495a9","hash":"f2218e0bbdf8f63a4bddead6b68670713a38e00d"}
,"D:\\valeo\\student-grades\\models\\gradesProcessingRequest.js": {"path":"D:\\valeo\\student-grades\\models\\gradesProcessingRequest.js","statementMap":{"0":{"start":{"line":3,"column":8},"end":{"line":3,"column":39}},"1":{"start":{"line":4,"column":8},"end":{"line":4,"column":35}},"2":{"start":{"line":5,"column":8},"end":{"line":5,"column":33}},"3":{"start":{"line":6,"column":8},"end":{"line":6,"column":33}},"4":{"start":{"line":7,"column":8},"end":{"line":7,"column":58}},"5":{"start":{"line":8,"column":8},"end":{"line":8,"column":27}},"6":{"start":{"line":12,"column":0},"end":{"line":12,"column":41}}},"fnMap":{"0":{"name":"(anonymous_0)","decl":{"start":{"line":2,"column":4},"end":{"line":2,"column":5}},"loc":{"start":{"line":2,"column":55},"end":{"line":9,"column":5}},"line":2}},"branchMap":{},"s":{"0":1,"1":1,"2":1,"3":1,"4":1,"5":1,"6":5},"f":{"0":1},"b":{},"_coverageSchema":"1a1c01bbd47fc00a2c39e90264f33305004495a9","hash":"519fa068358defab0103926e1119ef3e6f53219c"}
,"D:\\valeo\\student-grades\\models\\studentGrade.js": {"path":"D:\\valeo\\student-grades\\models\\studentGrade.js","statementMap":{"0":{"start":{"line":1,"column":17},"end":{"line":1,"column":36}},"1":{"start":{"line":3,"column":27},"end":{"line":19,"column":2}},"2":{"start":{"line":22,"column":0},"end":{"line":22,"column":74}}},"fnMap":{},"branchMap":{},"s":{"0":6,"1":6,"2":6},"f":{},"b":{},"_coverageSchema":"1a1c01bbd47fc00a2c39e90264f33305004495a9","hash":"576fc45400fef1dd562c51c359ff22001ae3bc33"}
,"D:\\valeo\\student-grades\\models\\teacher.js": {"path":"D:\\valeo\\student-grades\\models\\teacher.js","statementMap":{"0":{"start":{"line":1,"column":12},"end":{"line":1,"column":26}},"1":{"start":{"line":2,"column":17},"end":{"line":2,"column":36}},"2":{"start":{"line":4,"column":22},"end":{"line":22,"column":2}},"3":{"start":{"line":23,"column":16},"end":{"line":23,"column":56}},"4":{"start":{"line":28,"column":19},"end":{"line":32,"column":6}},"5":{"start":{"line":34,"column":4},"end":{"line":34,"column":36}},"6":{"start":{"line":37,"column":0},"end":{"line":37,"column":35}},"7":{"start":{"line":38,"column":0},"end":{"line":38,"column":25}},"8":{"start":{"line":39,"column":0},"end":{"line":39,"column":36}}},"fnMap":{"0":{"name":"validateTeacher","decl":{"start":{"line":27,"column":9},"end":{"line":27,"column":24}},"loc":{"start":{"line":27,"column":34},"end":{"line":35,"column":1}},"line":27}},"branchMap":{},"s":{"0":5,"1":5,"2":5,"3":5,"4":9,"5":9,"6":5,"7":5,"8":5},"f":{"0":9},"b":{},"_coverageSchema":"1a1c01bbd47fc00a2c39e90264f33305004495a9","hash":"d9fa9052864f93449b242ce7bf514ad231e363e1"}
,"D:\\valeo\\student-grades\\routes\\auth.js": {"path":"D:\\valeo\\student-grades\\routes\\auth.js","statementMap":{"0":{"start":{"line":1,"column":23},"end":{"line":1,"column":63}},"1":{"start":{"line":2,"column":27},"end":{"line":2,"column":62}},"2":{"start":{"line":4,"column":16},"end":{"line":4,"column":34}},"3":{"start":{"line":5,"column":15},"end":{"line":5,"column":31}},"4":{"start":{"line":7,"column":0},"end":{"line":9,"column":26}},"5":{"start":{"line":12,"column":0},"end":{"line":12,"column":24}}},"fnMap":{},"branchMap":{},"s":{"0":5,"1":5,"2":5,"3":5,"4":5,"5":5},"f":{},"b":{},"_coverageSchema":"1a1c01bbd47fc00a2c39e90264f33305004495a9","hash":"c59e3d90ad038271abb348457c139f080f408ff3"}
,"D:\\valeo\\student-grades\\routes\\courses.js": {"path":"D:\\valeo\\student-grades\\routes\\courses.js","statementMap":{"0":{"start":{"line":1,"column":51},"end":{"line":1,"column":86}},"1":{"start":{"line":2,"column":13},"end":{"line":2,"column":42}},"2":{"start":{"line":4,"column":26},"end":{"line":4,"column":69}},"3":{"start":{"line":5,"column":16},"end":{"line":5,"column":34}},"4":{"start":{"line":6,"column":15},"end":{"line":6,"column":31}},"5":{"start":{"line":8,"column":0},"end":{"line":12,"column":39}},"6":{"start":{"line":14,"column":0},"end":{"line":17,"column":36}},"7":{"start":{"line":19,"column":0},"end":{"line":19,"column":24}}},"fnMap":{},"branchMap":{},"s":{"0":5,"1":5,"2":5,"3":5,"4":5,"5":5,"6":5,"7":5},"f":{},"b":{},"_coverageSchema":"1a1c01bbd47fc00a2c39e90264f33305004495a9","hash":"ef64ae35a700ea081ba1b74bafc6c49d4e7b4232"}
,"D:\\valeo\\student-grades\\routes\\status.js": {"path":"D:\\valeo\\student-grades\\routes\\status.js","statementMap":{"0":{"start":{"line":1,"column":16},"end":{"line":1,"column":34}},"1":{"start":{"line":2,"column":15},"end":{"line":2,"column":31}},"2":{"start":{"line":4,"column":13},"end":{"line":4,"column":42}},"3":{"start":{"line":5,"column":25},"end":{"line":5,"column":67}},"4":{"start":{"line":7,"column":0},"end":{"line":9,"column":41}},"5":{"start":{"line":11,"column":0},"end":{"line":11,"column":24}}},"fnMap":{},"branchMap":{},"s":{"0":5,"1":5,"2":5,"3":5,"4":5,"5":5},"f":{},"b":{},"_coverageSchema":"1a1c01bbd47fc00a2c39e90264f33305004495a9","hash":"2c904f434347843d55ed61a3c1f67380f6bbcd16"}
,"D:\\valeo\\student-grades\\routes\\student.js": {"path":"D:\\valeo\\student-grades\\routes\\student.js","statementMap":{"0":{"start":{"line":1,"column":26},"end":{"line":1,"column":69}},"1":{"start":{"line":2,"column":48},"end":{"line":2,"column":83}},"2":{"start":{"line":4,"column":16},"end":{"line":4,"column":34}},"3":{"start":{"line":5,"column":15},"end":{"line":5,"column":31}},"4":{"start":{"line":8,"column":0},"end":{"line":11,"column":40}},"5":{"start":{"line":13,"column":0},"end":{"line":13,"column":24}}},"fnMap":{},"branchMap":{},"s":{"0":5,"1":5,"2":5,"3":5,"4":5,"5":5},"f":{},"b":{},"_coverageSchema":"1a1c01bbd47fc00a2c39e90264f33305004495a9","hash":"e00dc69e20d2747d0c16c1db9a78e4036123d30a"}
,"D:\\valeo\\student-grades\\routes\\teacher.js": {"path":"D:\\valeo\\student-grades\\routes\\teacher.js","statementMap":{"0":{"start":{"line":1,"column":27},"end":{"line":1,"column":70}},"1":{"start":{"line":3,"column":16},"end":{"line":3,"column":34}},"2":{"start":{"line":4,"column":15},"end":{"line":4,"column":31}},"3":{"start":{"line":6,"column":0},"end":{"line":6,"column":52}},"4":{"start":{"line":9,"column":0},"end":{"line":9,"column":24}}},"fnMap":{},"branchMap":{},"s":{"0":5,"1":5,"2":5,"3":5,"4":5},"f":{},"b":{},"_coverageSchema":"1a1c01bbd47fc00a2c39e90264f33305004495a9","hash":"21a8677a1f50352a311befcceb53ad9816e605bd"}
,"D:\\valeo\\student-grades\\services\\AuthService.js": {"path":"D:\\valeo\\student-grades\\services\\AuthService.js","statementMap":{"0":{"start":{"line":1,"column":15},"end":{"line":1,"column":32}},"1":{"start":{"line":4,"column":0},"end":{"line":6,"column":1}},"2":{"start":{"line":5,"column":4},"end":{"line":5,"column":58}},"3":{"start":{"line":8,"column":0},"end":{"line":11,"column":1}},"4":{"start":{"line":9,"column":17},"end":{"line":9,"column":41}},"5":{"start":{"line":10,"column":4},"end":{"line":10,"column":39}}},"fnMap":{"0":{"name":"(anonymous_0)","decl":{"start":{"line":4,"column":27},"end":{"line":4,"column":28}},"loc":{"start":{"line":4,"column":69},"end":{"line":6,"column":1}},"line":4},"1":{"name":"(anonymous_1)","decl":{"start":{"line":8,"column":31},"end":{"line":8,"column":32}},"loc":{"start":{"line":8,"column":51},"end":{"line":11,"column":1}},"line":8}},"branchMap":{},"s":{"0":5,"1":5,"2":3,"3":5,"4":9,"5":9},"f":{"0":3,"1":9},"b":{},"_coverageSchema":"1a1c01bbd47fc00a2c39e90264f33305004495a9","hash":"80a5485ee765b0c1502325a3be56914e2b54559b"}
,"D:\\valeo\\student-grades\\services\\ScoreCalculator.js": {"path":"D:\\valeo\\student-grades\\services\\ScoreCalculator.js","statementMap":{"0":{"start":{"line":1,"column":0},"end":{"line":5,"column":1}},"1":{"start":{"line":2,"column":4},"end":{"line":2,"column":26}},"2":{"start":{"line":2,"column":16},"end":{"line":2,"column":26}},"3":{"start":{"line":4,"column":4},"end":{"line":4,"column":41}}},"fnMap":{"0":{"name":"(anonymous_0)","decl":{"start":{"line":1,"column":25},"end":{"line":1,"column":26}},"loc":{"start":{"line":1,"column":36},"end":{"line":5,"column":1}},"line":1}},"branchMap":{"0":{"loc":{"start":{"line":2,"column":4},"end":{"line":2,"column":26}},"type":"if","locations":[{"start":{"line":2,"column":4},"end":{"line":2,"column":26}},{"start":{"line":2,"column":4},"end":{"line":2,"column":26}}],"line":2},"1":{"loc":{"start":{"line":4,"column":11},"end":{"line":4,"column":40}},"type":"cond-expr","locations":[{"start":{"line":4,"column":25},"end":{"line":4,"column":31}},{"start":{"line":4,"column":34},"end":{"line":4,"column":40}}],"line":4}},"s":{"0":2,"1":3,"2":1,"3":2},"f":{"0":3},"b":{"0":[1,2],"1":[1,1]},"_coverageSchema":"1a1c01bbd47fc00a2c39e90264f33305004495a9","hash":"50808039d526ed396ba74512b154c759e1700de0"}
,"D:\\valeo\\student-grades\\services\\TokenService.js": {"path":"D:\\valeo\\student-grades\\services\\TokenService.js","statementMap":{"0":{"start":{"line":1,"column":15},"end":{"line":1,"column":32}},"1":{"start":{"line":2,"column":12},"end":{"line":2,"column":35}},"2":{"start":{"line":4,"column":0},"end":{"line":6,"column":1}},"3":{"start":{"line":5,"column":4},"end":{"line":5,"column":76}},"4":{"start":{"line":10,"column":0},"end":{"line":17,"column":1}},"5":{"start":{"line":11,"column":4},"end":{"line":16,"column":5}},"6":{"start":{"line":12,"column":8},"end":{"line":12,"column":62}},"7":{"start":{"line":15,"column":8},"end":{"line":15,"column":20}}},"fnMap":{"0":{"name":"(anonymous_0)","decl":{"start":{"line":4,"column":28},"end":{"line":4,"column":29}},"loc":{"start":{"line":4,"column":38},"end":{"line":6,"column":1}},"line":4},"1":{"name":"(anonymous_1)","decl":{"start":{"line":10,"column":22},"end":{"line":10,"column":23}},"loc":{"start":{"line":10,"column":33},"end":{"line":17,"column":1}},"line":10}},"branchMap":{},"s":{"0":7,"1":7,"2":7,"3":15,"4":7,"5":12,"6":12,"7":2},"f":{"0":15,"1":12},"b":{},"_coverageSchema":"1a1c01bbd47fc00a2c39e90264f33305004495a9","hash":"668448360e4aee5195bffcbc42b3b780d6bd619c"}
,"D:\\valeo\\student-grades\\services\\gradesParser.js": {"path":"D:\\valeo\\student-grades\\services\\gradesParser.js","statementMap":{"0":{"start":{"line":1,"column":11},"end":{"line":1,"column":24}},"1":{"start":{"line":2,"column":12},"end":{"line":2,"column":31}},"2":{"start":{"line":3,"column":13},"end":{"line":3,"column":28}},"3":{"start":{"line":7,"column":0},"end":{"line":46,"column":1}},"4":{"start":{"line":10,"column":4},"end":{"line":45,"column":7}},"5":{"start":{"line":11,"column":8},"end":{"line":14,"column":9}},"6":{"start":{"line":12,"column":12},"end":{"line":12,"column":48}},"7":{"start":{"line":13,"column":12},"end":{"line":13,"column":19}},"8":{"start":{"line":16,"column":21},"end":{"line":16,"column":23}},"9":{"start":{"line":17,"column":24},"end":{"line":17,"column":25}},"10":{"start":{"line":18,"column":22},"end":{"line":18,"column":31}},"11":{"start":{"line":19,"column":8},"end":{"line":44,"column":10}},"12":{"start":{"line":21,"column":16},"end":{"line":21,"column":28}},"13":{"start":{"line":22,"column":36},"end":{"line":22,"column":40}},"14":{"start":{"line":24,"column":16},"end":{"line":25,"column":75}},"15":{"start":{"line":25,"column":20},"end":{"line":25,"column":75}},"16":{"start":{"line":27,"column":16},"end":{"line":28,"column":78}},"17":{"start":{"line":28,"column":20},"end":{"line":28,"column":78}},"18":{"start":{"line":31,"column":16},"end":{"line":33,"column":17}},"19":{"start":{"line":32,"column":20},"end":{"line":32,"column":70}},"20":{"start":{"line":35,"column":16},"end":{"line":35,"column":39}},"21":{"start":{"line":37,"column":12},"end":{"line":40,"column":33}},"22":{"start":{"line":38,"column":16},"end":{"line":38,"column":42}},"23":{"start":{"line":40,"column":16},"end":{"line":40,"column":33}},"24":{"start":{"line":43,"column":12},"end":{"line":43,"column":35}}},"fnMap":{"0":{"name":"(anonymous_0)","decl":{"start":{"line":7,"column":22},"end":{"line":7,"column":23}},"loc":{"start":{"line":7,"column":42},"end":{"line":46,"column":1}},"line":7},"1":{"name":"(anonymous_1)","decl":{"start":{"line":10,"column":23},"end":{"line":10,"column":24}},"loc":{"start":{"line":10,"column":44},"end":{"line":45,"column":5}},"line":10},"2":{"name":"(anonymous_2)","decl":{"start":{"line":20,"column":24},"end":{"line":20,"column":25}},"loc":{"start":{"line":20,"column":40},"end":{"line":36,"column":13}},"line":20},"3":{"name":"(anonymous_3)","decl":{"start":{"line":36,"column":25},"end":{"line":36,"column":26}},"loc":{"start":{"line":36,"column":31},"end":{"line":42,"column":9}},"line":36},"4":{"name":"(anonymous_4)","decl":{"start":{"line":42,"column":23},"end":{"line":42,"column":24}},"loc":{"start":{"line":42,"column":32},"end":{"line":44,"column":9}},"line":42}},"branchMap":{"0":{"loc":{"start":{"line":11,"column":8},"end":{"line":14,"column":9}},"type":"if","locations":[{"start":{"line":11,"column":8},"end":{"line":14,"column":9}},{"start":{"line":11,"column":8},"end":{"line":14,"column":9}}],"line":11},"1":{"loc":{"start":{"line":24,"column":16},"end":{"line":25,"column":75}},"type":"if","locations":[{"start":{"line":24,"column":16},"end":{"line":25,"column":75}},{"start":{"line":24,"column":16},"end":{"line":25,"column":75}}],"line":24},"2":{"loc":{"start":{"line":27,"column":16},"end":{"line":28,"column":78}},"type":"if","locations":[{"start":{"line":27,"column":16},"end":{"line":28,"column":78}},{"start":{"line":27,"column":16},"end":{"line":28,"column":78}}],"line":27},"3":{"loc":{"start":{"line":31,"column":16},"end":{"line":33,"column":17}},"type":"if","locations":[{"start":{"line":31,"column":16},"end":{"line":33,"column":17}},{"start":{"line":31,"column":16},"end":{"line":33,"column":17}}],"line":31},"4":{"loc":{"start":{"line":31,"column":20},"end":{"line":31,"column":44}},"type":"binary-expr","locations":[{"start":{"line":31,"column":20},"end":{"line":31,"column":29}},{"start":{"line":31,"column":33},"end":{"line":31,"column":44}}],"line":31},"5":{"loc":{"start":{"line":37,"column":12},"end":{"line":40,"column":33}},"type":"if","locations":[{"start":{"line":37,"column":12},"end":{"line":40,"column":33}},{"start":{"line":37,"column":12},"end":{"line":40,"column":33}}],"line":37}},"s":{"0":1,"1":1,"2":1,"3":1,"4":6,"5":6,"6":1,"7":1,"8":5,"9":5,"10":5,"11":5,"12":10,"13":10,"14":10,"15":1,"16":10,"17":2,"18":10,"19":1,"20":10,"21":4,"22":3,"23":1,"24":1},"f":{"0":6,"1":6,"2":10,"3":4,"4":1},"b":{"0":[1,5],"1":[1,9],"2":[2,8],"3":[1,9],"4":[10,10],"5":[3,1]},"_coverageSchema":"1a1c01bbd47fc00a2c39e90264f33305004495a9","hash":"97e6b006067d6ab29fa1ca859e1b8313fb16c09e"}
,"D:\\valeo\\student-grades\\services\\gradesProcessor.js": {"path":"D:\\valeo\\student-grades\\services\\gradesProcessor.js","statementMap":{"0":{"start":{"line":1,"column":25},"end":{"line":1,"column":58}},"1":{"start":{"line":2,"column":24},"end":{"line":2,"column":52}},"2":{"start":{"line":12,"column":0},"end":{"line":41,"column":1}},"3":{"start":{"line":13,"column":4},"end":{"line":13,"column":56}},"4":{"start":{"line":13,"column":18},"end":{"line":13,"column":56}},"5":{"start":{"line":15,"column":15},"end":{"line":15,"column":27}},"6":{"start":{"line":17,"column":16},"end":{"line":17,"column":17}},"7":{"start":{"line":18,"column":4},"end":{"line":39,"column":5}},"8":{"start":{"line":21,"column":20},"end":{"line":21,"column":57}},"9":{"start":{"line":24,"column":8},"end":{"line":31,"column":54}},"10":{"start":{"line":35,"column":8},"end":{"line":36,"column":72}},"11":{"start":{"line":36,"column":12},"end":{"line":36,"column":72}},"12":{"start":{"line":38,"column":8},"end":{"line":38,"column":16}}},"fnMap":{"0":{"name":"(anonymous_0)","decl":{"start":{"line":12,"column":24},"end":{"line":12,"column":25}},"loc":{"start":{"line":12,"column":82},"end":{"line":41,"column":1}},"line":12}},"branchMap":{"0":{"loc":{"start":{"line":13,"column":4},"end":{"line":13,"column":56}},"type":"if","locations":[{"start":{"line":13,"column":4},"end":{"line":13,"column":56}},{"start":{"line":13,"column":4},"end":{"line":13,"column":56}}],"line":13},"1":{"loc":{"start":{"line":35,"column":8},"end":{"line":36,"column":72}},"type":"if","locations":[{"start":{"line":35,"column":8},"end":{"line":36,"column":72}},{"start":{"line":35,"column":8},"end":{"line":36,"column":72}}],"line":35}},"s":{"0":1,"1":1,"2":1,"3":1,"4":1,"5":0,"6":0,"7":0,"8":0,"9":0,"10":0,"11":0,"12":0},"f":{"0":1},"b":{"0":[1,0],"1":[0,0]},"_coverageSchema":"1a1c01bbd47fc00a2c39e90264f33305004495a9","hash":"ace1bc8c21cfa32b6a719be1913a1699598e7a1b"}
,"D:\\valeo\\student-grades\\startup\\config.js": {"path":"D:\\valeo\\student-grades\\startup\\config.js","statementMap":{"0":{"start":{"line":1,"column":15},"end":{"line":1,"column":32}},"1":{"start":{"line":4,"column":0},"end":{"line":9,"column":1}},"2":{"start":{"line":6,"column":4},"end":{"line":8,"column":5}},"3":{"start":{"line":7,"column":8},"end":{"line":7,"column":75}}},"fnMap":{"0":{"name":"(anonymous_0)","decl":{"start":{"line":4,"column":17},"end":{"line":4,"column":18}},"loc":{"start":{"line":4,"column":29},"end":{"line":9,"column":1}},"line":4}},"branchMap":{"0":{"loc":{"start":{"line":6,"column":4},"end":{"line":8,"column":5}},"type":"if","locations":[{"start":{"line":6,"column":4},"end":{"line":8,"column":5}},{"start":{"line":6,"column":4},"end":{"line":8,"column":5}}],"line":6}},"s":{"0":5,"1":5,"2":5,"3":0},"f":{"0":5},"b":{"0":[0,5]},"_coverageSchema":"1a1c01bbd47fc00a2c39e90264f33305004495a9","hash":"7189ee36423e3d739e0f23ecad32d269ea895676"}
,"D:\\valeo\\student-grades\\startup\\db.js": {"path":"D:\\valeo\\student-grades\\startup\\db.js","statementMap":{"0":{"start":{"line":1,"column":17},"end":{"line":1,"column":36}},"1":{"start":{"line":2,"column":15},"end":{"line":2,"column":32}},"2":{"start":{"line":3,"column":15},"end":{"line":3,"column":35}},"3":{"start":{"line":5,"column":0},"end":{"line":12,"column":1}},"4":{"start":{"line":7,"column":15},"end":{"line":7,"column":31}},"5":{"start":{"line":9,"column":4},"end":{"line":11,"column":55}},"6":{"start":{"line":11,"column":20},"end":{"line":11,"column":53}}},"fnMap":{"0":{"name":"(anonymous_0)","decl":{"start":{"line":5,"column":17},"end":{"line":5,"column":18}},"loc":{"start":{"line":5,"column":29},"end":{"line":12,"column":1}},"line":5},"1":{"name":"(anonymous_1)","decl":{"start":{"line":11,"column":14},"end":{"line":11,"column":15}},"loc":{"start":{"line":11,"column":20},"end":{"line":11,"column":53}},"line":11}},"branchMap":{},"s":{"0":5,"1":5,"2":5,"3":5,"4":5,"5":5,"6":5},"f":{"0":5,"1":5},"b":{},"_coverageSchema":"1a1c01bbd47fc00a2c39e90264f33305004495a9","hash":"90c1deab1af76b0a60cee4ffeeec290e7b5d9679"}
,"D:\\valeo\\student-grades\\startup\\logging.js": {"path":"D:\\valeo\\student-grades\\startup\\logging.js","statementMap":{"0":{"start":{"line":1,"column":16},"end":{"line":1,"column":34}},"1":{"start":{"line":3,"column":0},"end":{"line":3,"column":31}},"2":{"start":{"line":6,"column":15},"end":{"line":17,"column":2}},"3":{"start":{"line":22,"column":0},"end":{"line":24,"column":3}},"4":{"start":{"line":23,"column":4},"end":{"line":23,"column":13}},"5":{"start":{"line":27,"column":0},"end":{"line":27,"column":24}}},"fnMap":{"0":{"name":"(anonymous_0)","decl":{"start":{"line":22,"column":33},"end":{"line":22,"column":34}},"loc":{"start":{"line":22,"column":41},"end":{"line":24,"column":1}},"line":22}},"branchMap":{"0":{"loc":{"start":{"line":16,"column":12},"end":{"line":16,"column":84}},"type":"binary-expr","locations":[{"start":{"line":16,"column":12},"end":{"line":16,"column":49}},{"start":{"line":16,"column":53},"end":{"line":16,"column":84}}],"line":16}},"s":{"0":5,"1":5,"2":5,"3":5,"4":0,"5":5},"f":{"0":0},"b":{"0":[5,5]},"_coverageSchema":"1a1c01bbd47fc00a2c39e90264f33305004495a9","hash":"ad6189ad3378fe81a2e4ef60cd61c2764daa3c89"}
,"D:\\valeo\\student-grades\\startup\\routes.js": {"path":"D:\\valeo\\student-grades\\startup\\routes.js","statementMap":{"0":{"start":{"line":1,"column":17},"end":{"line":1,"column":45}},"1":{"start":{"line":2,"column":13},"end":{"line":2,"column":38}},"2":{"start":{"line":3,"column":15},"end":{"line":3,"column":42}},"3":{"start":{"line":4,"column":16},"end":{"line":4,"column":44}},"4":{"start":{"line":5,"column":16},"end":{"line":5,"column":44}},"5":{"start":{"line":6,"column":14},"end":{"line":6,"column":51}},"6":{"start":{"line":7,"column":20},"end":{"line":7,"column":42}},"7":{"start":{"line":8,"column":15},"end":{"line":8,"column":32}},"8":{"start":{"line":9,"column":13},"end":{"line":9,"column":28}},"9":{"start":{"line":10,"column":16},"end":{"line":10,"column":34}},"10":{"start":{"line":14,"column":0},"end":{"line":28,"column":1}},"11":{"start":{"line":16,"column":4},"end":{"line":16,"column":28}},"12":{"start":{"line":17,"column":4},"end":{"line":17,"column":27}},"13":{"start":{"line":18,"column":4},"end":{"line":18,"column":22}},"14":{"start":{"line":19,"column":4},"end":{"line":19,"column":20}},"15":{"start":{"line":21,"column":4},"end":{"line":21,"column":38}},"16":{"start":{"line":22,"column":4},"end":{"line":22,"column":32}},"17":{"start":{"line":23,"column":4},"end":{"line":23,"column":35}},"18":{"start":{"line":24,"column":4},"end":{"line":24,"column":37}},"19":{"start":{"line":25,"column":4},"end":{"line":25,"column":37}},"20":{"start":{"line":26,"column":4},"end":{"line":26,"column":18}}},"fnMap":{"0":{"name":"(anonymous_0)","decl":{"start":{"line":14,"column":17},"end":{"line":14,"column":18}},"loc":{"start":{"line":14,"column":32},"end":{"line":28,"column":1}},"line":14}},"branchMap":{},"s":{"0":5,"1":5,"2":5,"3":5,"4":5,"5":5,"6":5,"7":5,"8":5,"9":5,"10":5,"11":5,"12":5,"13":5,"14":5,"15":5,"16":5,"17":5,"18":5,"19":5,"20":5},"f":{"0":5},"b":{},"_coverageSchema":"1a1c01bbd47fc00a2c39e90264f33305004495a9","hash":"eff1a441a2ee9f70a4680c4214ef8fa69fada371"}
,"D:\\valeo\\student-grades\\startup\\swagger.js": {"path":"D:\\valeo\\student-grades\\startup\\swagger.js","statementMap":{"0":{"start":{"line":1,"column":18},"end":{"line":1,"column":47}},"1":{"start":{"line":3,"column":24},"end":{"line":3,"column":49}},"2":{"start":{"line":5,"column":0},"end":{"line":8,"column":1}},"3":{"start":{"line":7,"column":4},"end":{"line":7,"column":68}}},"fnMap":{"0":{"name":"(anonymous_0)","decl":{"start":{"line":5,"column":17},"end":{"line":5,"column":18}},"loc":{"start":{"line":5,"column":32},"end":{"line":8,"column":1}},"line":5}},"branchMap":{},"s":{"0":5,"1":5,"2":5,"3":5},"f":{"0":5},"b":{},"_coverageSchema":"1a1c01bbd47fc00a2c39e90264f33305004495a9","hash":"1d71eab7fdabda3874bf8f658c7a5f5d975ae13c"}
,"D:\\valeo\\student-grades\\startup\\worker.js": {"path":"D:\\valeo\\student-grades\\startup\\worker.js","statementMap":{"0":{"start":{"line":1,"column":19},"end":{"line":1,"column":53}},"1":{"start":{"line":2,"column":15},"end":{"line":2,"column":35}},"2":{"start":{"line":4,"column":0},"end":{"line":6,"column":2}},"3":{"start":{"line":5,"column":4},"end":{"line":5,"column":56}},"4":{"start":{"line":8,"column":0},"end":{"line":10,"column":2}},"5":{"start":{"line":9,"column":4},"end":{"line":9,"column":51}}},"fnMap":{"0":{"name":"(anonymous_0)","decl":{"start":{"line":4,"column":23},"end":{"line":4,"column":24}},"loc":{"start":{"line":4,"column":30},"end":{"line":6,"column":1}},"line":4},"1":{"name":"(anonymous_1)","decl":{"start":{"line":8,"column":20},"end":{"line":8,"column":21}},"loc":{"start":{"line":8,"column":34},"end":{"line":10,"column":1}},"line":8}},"branchMap":{},"s":{"0":5,"1":5,"2":5,"3":0,"4":5,"5":0},"f":{"0":0,"1":0},"b":{},"_coverageSchema":"1a1c01bbd47fc00a2c39e90264f33305004495a9","hash":"16146600af8fc9b005cbdeedd4dce90b3055f899"}
,"D:\\valeo\\student-grades\\utils\\appError.js": {"path":"D:\\valeo\\student-grades\\utils\\appError.js","statementMap":{"0":{"start":{"line":3,"column":4},"end":{"line":3,"column":19}},"1":{"start":{"line":5,"column":4},"end":{"line":5,"column":33}},"2":{"start":{"line":7,"column":4},"end":{"line":7,"column":52}},"3":{"start":{"line":11,"column":0},"end":{"line":11,"column":26}}},"fnMap":{"0":{"name":"(anonymous_0)","decl":{"start":{"line":2,"column":2},"end":{"line":2,"column":3}},"loc":{"start":{"line":2,"column":35},"end":{"line":8,"column":3}},"line":2}},"branchMap":{},"s":{"0":23,"1":23,"2":23,"3":6},"f":{"0":23},"b":{},"_coverageSchema":"1a1c01bbd47fc00a2c39e90264f33305004495a9","hash":"e982dbe3e3dccf6748c4af8d8b44f51bfca73efe"}
,"D:\\valeo\\student-grades\\utils\\validationHelper.js": {"path":"D:\\valeo\\student-grades\\utils\\validationHelper.js","statementMap":{"0":{"start":{"line":1,"column":12},"end":{"line":1,"column":26}},"1":{"start":{"line":3,"column":0},"end":{"line":6,"column":1}},"2":{"start":{"line":4,"column":19},"end":{"line":4,"column":98}},"3":{"start":{"line":5,"column":4},"end":{"line":5,"column":38}},"4":{"start":{"line":9,"column":0},"end":{"line":12,"column":1}},"5":{"start":{"line":10,"column":19},"end":{"line":10,"column":120}},"6":{"start":{"line":11,"column":4},"end":{"line":11,"column":37}},"7":{"start":{"line":15,"column":0},"end":{"line":18,"column":1}},"8":{"start":{"line":16,"column":19},"end":{"line":16,"column":64}},"9":{"start":{"line":17,"column":4},"end":{"line":17,"column":34}},"10":{"start":{"line":21,"column":0},"end":{"line":24,"column":1}},"11":{"start":{"line":22,"column":19},"end":{"line":22,"column":38}},"12":{"start":{"line":23,"column":4},"end":{"line":23,"column":33}}},"fnMap":{"0":{"name":"(anonymous_0)","decl":{"start":{"line":3,"column":28},"end":{"line":3,"column":29}},"loc":{"start":{"line":3,"column":43},"end":{"line":6,"column":1}},"line":3},"1":{"name":"(anonymous_1)","decl":{"start":{"line":9,"column":27},"end":{"line":9,"column":28}},"loc":{"start":{"line":9,"column":41},"end":{"line":12,"column":1}},"line":9},"2":{"name":"(anonymous_2)","decl":{"start":{"line":15,"column":25},"end":{"line":15,"column":26}},"loc":{"start":{"line":15,"column":36},"end":{"line":18,"column":1}},"line":15},"3":{"name":"(anonymous_3)","decl":{"start":{"line":21,"column":29},"end":{"line":21,"column":30}},"loc":{"start":{"line":21,"column":39},"end":{"line":24,"column":1}},"line":21}},"branchMap":{},"s":{"0":5,"1":5,"2":4,"3":4,"4":5,"5":9,"6":9,"7":5,"8":2,"9":2,"10":5,"11":2,"12":2},"f":{"0":4,"1":9,"2":2,"3":2},"b":{},"_coverageSchema":"1a1c01bbd47fc00a2c39e90264f33305004495a9","hash":"8df5b6a43b139bc75738133b2ef4306d599b13d8"}
,"D:\\valeo\\student-grades\\worker\\grades-queue.js": {"path":"D:\\valeo\\student-grades\\worker\\grades-queue.js","statementMap":{"0":{"start":{"line":1,"column":18},"end":{"line":1,"column":35}},"1":{"start":{"line":2,"column":15},"end":{"line":2,"column":32}},"2":{"start":{"line":4,"column":24},"end":{"line":4,"column":53}},"3":{"start":{"line":5,"column":18},"end":{"line":5,"column":41}},"4":{"start":{"line":7,"column":21},"end":{"line":9,"column":2}},"5":{"start":{"line":12,"column":0},"end":{"line":12,"column":29}}},"fnMap":{},"branchMap":{},"s":{"0":5,"1":5,"2":5,"3":5,"4":5,"5":5},"f":{},"b":{},"_coverageSchema":"1a1c01bbd47fc00a2c39e90264f33305004495a9","hash":"1f6bb8ca54120d1dac449afee73625c838b69368"}
,"D:\\valeo\\student-grades\\worker\\grades-worker.js": {"path":"D:\\valeo\\student-grades\\worker\\grades-worker.js","statementMap":{"0":{"start":{"line":1,"column":19},"end":{"line":1,"column":36}},"1":{"start":{"line":2,"column":15},"end":{"line":2,"column":32}},"2":{"start":{"line":3,"column":15},"end":{"line":3,"column":44}},"3":{"start":{"line":6,"column":24},"end":{"line":6,"column":53}},"4":{"start":{"line":7,"column":20},"end":{"line":7,"column":45}},"5":{"start":{"line":8,"column":18},"end":{"line":8,"column":41}},"6":{"start":{"line":10,"column":15},"end":{"line":13,"column":2}},"7":{"start":{"line":15,"column":0},"end":{"line":15,"column":41}},"8":{"start":{"line":17,"column":0},"end":{"line":19,"column":1}}},"fnMap":{},"branchMap":{},"s":{"0":5,"1":5,"2":5,"3":5,"4":5,"5":5,"6":5,"7":5,"8":5},"f":{},"b":{},"_coverageSchema":"1a1c01bbd47fc00a2c39e90264f33305004495a9","hash":"d52a84ef8be10a0828b22052fa5ebab7a3734500"}
}
