TN:
SF:index.js
FN:17,(anonymous_0)
FN:21,(anonymous_1)
FN:24,(anonymous_2)
FN:26,(anonymous_3)
FNF:4
FNH:1
FNDA:5,(anonymous_0)
FNDA:0,(anonymous_1)
FNDA:0,(anonymous_2)
FNDA:0,(anonymous_3)
DA:1,5
DA:2,5
DA:3,5
DA:4,5
DA:5,5
DA:8,5
DA:9,5
DA:10,5
DA:11,5
DA:14,5
DA:16,5
DA:17,5
DA:18,5
DA:21,5
DA:22,0
DA:23,0
DA:24,0
DA:25,0
DA:26,0
DA:27,0
DA:28,0
DA:34,5
LF:22
LH:15
BRDA:16,0,0,5
BRDA:16,0,1,5
BRF:2
BRH:2
end_of_record
TN:
SF:controllers\AuthController.js
FN:8,(anonymous_0)
FNF:1
FNH:1
FNDA:4,(anonymous_0)
DA:1,5
DA:2,5
DA:3,5
DA:4,5
DA:8,5
DA:9,4
DA:10,4
DA:12,3
DA:13,3
DA:15,1
DA:16,1
LF:11
LH:11
BRDA:10,0,0,1
BRDA:10,0,1,3
BRDA:13,1,0,2
BRDA:13,1,1,1
BRF:4
BRH:4
end_of_record
TN:
SF:controllers\CoursesController.js
FN:10,(anonymous_0)
FN:31,(anonymous_1)
FN:38,(anonymous_2)
FN:39,(anonymous_3)
FNF:4
FNH:3
FNDA:2,(anonymous_0)
FNDA:0,(anonymous_1)
FNDA:3,(anonymous_2)
FNDA:3,(anonymous_3)
DA:1,5
DA:2,5
DA:3,5
DA:4,5
DA:5,5
DA:6,5
DA:7,5
DA:10,5
DA:11,2
DA:12,2
DA:13,2
DA:15,2
DA:16,2
DA:18,2
DA:26,5
DA:33,0
DA:38,5
DA:39,3
DA:40,3
DA:41,0
DA:42,0
DA:47,3
DA:48,3
DA:50,2
DA:51,2
DA:53,1
DA:54,1
DA:62,1
LF:28
LH:25
BRDA:11,0,0,2
BRDA:11,0,1,2
BRDA:33,1,0,0
BRDA:33,1,1,0
BRDA:33,1,2,0
BRDA:40,2,0,0
BRDA:40,2,1,3
BRDA:48,3,0,1
BRDA:48,3,1,2
BRDA:51,4,0,1
BRDA:51,4,1,1
BRF:11
BRH:7
end_of_record
TN:
SF:controllers\StatusController.js
FN:6,(anonymous_0)
FNF:1
FNH:1
FNDA:3,(anonymous_0)
DA:1,5
DA:2,5
DA:6,5
DA:7,3
DA:8,3
DA:10,2
DA:12,2
DA:18,2
DA:19,1
DA:21,2
DA:22,0
DA:24,2
DA:25,2
DA:26,2
DA:29,2
LF:15
LH:14
BRDA:8,0,0,1
BRDA:8,0,1,2
BRDA:18,1,0,1
BRDA:18,1,1,1
BRDA:21,2,0,0
BRDA:21,2,1,2
BRDA:25,3,0,2
BRDA:25,3,1,0
BRF:8
BRH:6
end_of_record
TN:
SF:controllers\StudentController.js
FN:4,(anonymous_0)
FNF:1
FNH:1
FNDA:2,(anonymous_0)
DA:1,5
DA:2,5
DA:4,5
DA:5,2
DA:10,2
DA:12,1
LF:6
LH:6
BRDA:10,0,0,1
BRDA:10,0,1,1
BRF:2
BRH:2
end_of_record
TN:
SF:controllers\TeacherController.js
FN:6,(anonymous_0)
FNF:1
FNH:1
FNDA:9,(anonymous_0)
DA:1,5
DA:2,5
DA:3,5
DA:4,5
DA:6,5
DA:7,9
DA:8,9
DA:10,4
DA:11,4
DA:13,3
DA:16,3
DA:17,3
DA:19,3
LF:13
LH:13
BRDA:8,0,0,5
BRDA:8,0,1,4
BRDA:11,1,0,1
BRDA:11,1,1,3
BRF:4
BRH:4
end_of_record
TN:
SF:middleware\auth.js
FN:5,(anonymous_0)
FNF:1
FNH:1
FNDA:15,(anonymous_0)
DA:1,6
DA:2,6
DA:5,6
DA:6,15
DA:7,15
DA:9,12
DA:10,12
DA:12,10
DA:13,10
LF:9
LH:9
BRDA:7,0,0,3
BRDA:7,0,1,12
BRDA:10,1,0,2
BRDA:10,1,1,10
BRF:4
BRH:4
end_of_record
TN:
SF:middleware\errorHandler.js
FN:4,(anonymous_0)
FNF:1
FNH:1
FNDA:22,(anonymous_0)
DA:1,5
DA:4,5
DA:5,22
DA:7,22
DA:8,22
DA:10,22
LF:6
LH:6
BRDA:7,0,0,22
BRDA:7,0,1,0
BRDA:8,1,0,22
BRDA:8,1,1,0
BRF:4
BRH:2
end_of_record
TN:
SF:middleware\validation.js
FN:7,(anonymous_0)
FN:15,(anonymous_1)
FN:22,(anonymous_2)
FN:30,(anonymous_3)
FNF:4
FNH:4
FNDA:4,(anonymous_0)
FNDA:9,(anonymous_1)
FNDA:2,(anonymous_2)
FNDA:6,(anonymous_3)
DA:1,5
DA:3,5
DA:4,5
DA:7,5
DA:8,4
DA:9,4
DA:11,3
DA:15,5
DA:16,9
DA:17,9
DA:19,7
DA:22,5
DA:23,2
DA:24,2
DA:27,2
DA:30,5
DA:31,6
DA:36,6
DA:37,6
DA:38,4
LF:20
LH:20
BRDA:9,0,0,1
BRDA:9,0,1,3
BRDA:17,1,0,2
BRDA:17,1,1,7
BRDA:24,2,0,0
BRDA:24,2,1,2
BRDA:37,3,0,2
BRDA:37,3,1,4
BRF:8
BRH:7
end_of_record
TN:
SF:models\gradesProcessingRequest.js
FN:2,(anonymous_0)
FNF:1
FNH:1
FNDA:1,(anonymous_0)
DA:3,1
DA:4,1
DA:5,1
DA:6,1
DA:7,1
DA:8,1
DA:12,5
LF:7
LH:7
BRF:0
BRH:0
end_of_record
TN:
SF:models\studentGrade.js
FNF:0
FNH:0
DA:1,6
DA:3,6
DA:22,6
LF:3
LH:3
BRF:0
BRH:0
end_of_record
TN:
SF:models\teacher.js
FN:27,validateTeacher
FNF:1
FNH:1
FNDA:9,validateTeacher
DA:1,5
DA:2,5
DA:4,5
DA:23,5
DA:28,9
DA:34,9
DA:37,5
DA:38,5
DA:39,5
LF:9
LH:9
BRF:0
BRH:0
end_of_record
TN:
SF:routes\auth.js
FNF:0
FNH:0
DA:1,5
DA:2,5
DA:4,5
DA:5,5
DA:7,5
DA:12,5
LF:6
LH:6
BRF:0
BRH:0
end_of_record
TN:
SF:routes\courses.js
FNF:0
FNH:0
DA:1,5
DA:2,5
DA:4,5
DA:5,5
DA:6,5
DA:8,5
DA:14,5
DA:19,5
LF:8
LH:8
BRF:0
BRH:0
end_of_record
TN:
SF:routes\status.js
FNF:0
FNH:0
DA:1,5
DA:2,5
DA:4,5
DA:5,5
DA:7,5
DA:11,5
LF:6
LH:6
BRF:0
BRH:0
end_of_record
TN:
SF:routes\student.js
FNF:0
FNH:0
DA:1,5
DA:2,5
DA:4,5
DA:5,5
DA:8,5
DA:13,5
LF:6
LH:6
BRF:0
BRH:0
end_of_record
TN:
SF:routes\teacher.js
FNF:0
FNH:0
DA:1,5
DA:3,5
DA:4,5
DA:6,5
DA:9,5
LF:5
LH:5
BRF:0
BRH:0
end_of_record
TN:
SF:services\AuthService.js
FN:4,(anonymous_0)
FN:8,(anonymous_1)
FNF:2
FNH:2
FNDA:3,(anonymous_0)
FNDA:9,(anonymous_1)
DA:1,5
DA:4,5
DA:5,3
DA:8,5
DA:9,9
DA:10,9
LF:6
LH:6
BRF:0
BRH:0
end_of_record
TN:
SF:services\ScoreCalculator.js
FN:1,(anonymous_0)
FNF:1
FNH:1
FNDA:3,(anonymous_0)
DA:1,2
DA:2,3
DA:4,2
LF:3
LH:3
BRDA:2,0,0,1
BRDA:2,0,1,2
BRDA:4,1,0,1
BRDA:4,1,1,1
BRF:4
BRH:4
end_of_record
TN:
SF:services\TokenService.js
FN:4,(anonymous_0)
FN:10,(anonymous_1)
FNF:2
FNH:2
FNDA:15,(anonymous_0)
FNDA:12,(anonymous_1)
DA:1,7
DA:2,7
DA:4,7
DA:5,15
DA:10,7
DA:11,12
DA:12,12
DA:15,2
LF:8
LH:8
BRF:0
BRH:0
end_of_record
TN:
SF:services\gradesParser.js
FN:7,(anonymous_0)
FN:10,(anonymous_1)
FN:20,(anonymous_2)
FN:36,(anonymous_3)
FN:42,(anonymous_4)
FNF:5
FNH:5
FNDA:6,(anonymous_0)
FNDA:6,(anonymous_1)
FNDA:10,(anonymous_2)
FNDA:4,(anonymous_3)
FNDA:1,(anonymous_4)
DA:1,1
DA:2,1
DA:3,1
DA:7,1
DA:10,6
DA:11,6
DA:12,1
DA:13,1
DA:16,5
DA:17,5
DA:18,5
DA:19,5
DA:21,10
DA:22,10
DA:24,10
DA:25,1
DA:27,10
DA:28,2
DA:31,10
DA:32,1
DA:35,10
DA:37,4
DA:38,3
DA:40,1
DA:43,1
LF:25
LH:25
BRDA:11,0,0,1
BRDA:11,0,1,5
BRDA:24,1,0,1
BRDA:24,1,1,9
BRDA:27,2,0,2
BRDA:27,2,1,8
BRDA:31,3,0,1
BRDA:31,3,1,9
BRDA:31,4,0,10
BRDA:31,4,1,10
BRDA:37,5,0,3
BRDA:37,5,1,1
BRF:12
BRH:12
end_of_record
TN:
SF:services\gradesProcessor.js
FN:12,(anonymous_0)
FNF:1
FNH:1
FNDA:1,(anonymous_0)
DA:1,1
DA:2,1
DA:12,1
DA:13,1
DA:15,0
DA:17,0
DA:18,0
DA:21,0
DA:24,0
DA:35,0
DA:36,0
DA:38,0
LF:12
LH:4
BRDA:13,0,0,1
BRDA:13,0,1,0
BRDA:35,1,0,0
BRDA:35,1,1,0
BRF:4
BRH:1
end_of_record
TN:
SF:startup\config.js
FN:4,(anonymous_0)
FNF:1
FNH:1
FNDA:5,(anonymous_0)
DA:1,5
DA:4,5
DA:6,5
DA:7,0
LF:4
LH:3
BRDA:6,0,0,0
BRDA:6,0,1,5
BRF:2
BRH:1
end_of_record
TN:
SF:startup\db.js
FN:5,(anonymous_0)
FN:11,(anonymous_1)
FNF:2
FNH:2
FNDA:5,(anonymous_0)
FNDA:5,(anonymous_1)
DA:1,5
DA:2,5
DA:3,5
DA:5,5
DA:7,5
DA:9,5
DA:11,5
LF:7
LH:7
BRF:0
BRH:0
end_of_record
TN:
SF:startup\logging.js
FN:22,(anonymous_0)
FNF:1
FNH:0
FNDA:0,(anonymous_0)
DA:1,5
DA:3,5
DA:6,5
DA:22,5
DA:23,0
DA:27,5
LF:6
LH:5
BRDA:16,0,0,5
BRDA:16,0,1,5
BRF:2
BRH:2
end_of_record
TN:
SF:startup\routes.js
FN:14,(anonymous_0)
FNF:1
FNH:1
FNDA:5,(anonymous_0)
DA:1,5
DA:2,5
DA:3,5
DA:4,5
DA:5,5
DA:6,5
DA:7,5
DA:8,5
DA:9,5
DA:10,5
DA:14,5
DA:16,5
DA:17,5
DA:18,5
DA:19,5
DA:21,5
DA:22,5
DA:23,5
DA:24,5
DA:25,5
DA:26,5
LF:21
LH:21
BRF:0
BRH:0
end_of_record
TN:
SF:startup\swagger.js
FN:5,(anonymous_0)
FNF:1
FNH:1
FNDA:5,(anonymous_0)
DA:1,5
DA:3,5
DA:5,5
DA:7,5
LF:4
LH:4
BRF:0
BRH:0
end_of_record
TN:
SF:startup\worker.js
FN:4,(anonymous_0)
FN:8,(anonymous_1)
FNF:2
FNH:0
FNDA:0,(anonymous_0)
FNDA:0,(anonymous_1)
DA:1,5
DA:2,5
DA:4,5
DA:5,0
DA:8,5
DA:9,0
LF:6
LH:4
BRF:0
BRH:0
end_of_record
TN:
SF:utils\appError.js
FN:2,(anonymous_0)
FNF:1
FNH:1
FNDA:23,(anonymous_0)
DA:3,23
DA:5,23
DA:7,23
DA:11,6
LF:4
LH:4
BRF:0
BRH:0
end_of_record
TN:
SF:utils\validationHelper.js
FN:3,(anonymous_0)
FN:9,(anonymous_1)
FN:15,(anonymous_2)
FN:21,(anonymous_3)
FNF:4
FNH:4
FNDA:4,(anonymous_0)
FNDA:9,(anonymous_1)
FNDA:2,(anonymous_2)
FNDA:2,(anonymous_3)
DA:1,5
DA:3,5
DA:4,4
DA:5,4
DA:9,5
DA:10,9
DA:11,9
DA:15,5
DA:16,2
DA:17,2
DA:21,5
DA:22,2
DA:23,2
LF:13
LH:13
BRF:0
BRH:0
end_of_record
TN:
SF:worker\grades-queue.js
FNF:0
FNH:0
DA:1,5
DA:2,5
DA:4,5
DA:5,5
DA:7,5
DA:12,5
LF:6
LH:6
BRF:0
BRH:0
end_of_record
TN:
SF:worker\grades-worker.js
FNF:0
FNH:0
DA:1,5
DA:2,5
DA:3,5
DA:6,5
DA:7,5
DA:8,5
DA:10,5
DA:15,5
DA:17,5
LF:9
LH:9
BRF:0
BRH:0
end_of_record
